<?xml version="1.0" encoding="UTF-8"?>
<!-- Generated by org.testng.reporters.JUnitXMLReporter -->
<testsuite ignored="1" hostname="LAPTOP-KNL22F4G" failures="1" tests="1" name="Default test(failed)" time="0.064" errors="0" timestamp="2023-09-16T14:34:27 IST">
  <testcase classname="testNGExecution.TestNGClass2" name="method4" time="0.011">
    <failure type="java.lang.ArithmeticException" message="/ by zero">
      <![CDATA[java.lang.ArithmeticException: / by zero
at testNGExecution.TestNGClass2.method4(TestNGClass2.java:17)
at java.base/java.util.ArrayList.forEach(ArrayList.java:1511)
... Removed 27 stack frames]]>
    </failure>
  </testcase> <!-- method4 -->
  <testcase classname="testNGExecution.TestNGClass2" name="method3" time="0.0">
    <ignored/>
  </testcase> <!-- method3 -->
</testsuite> <!-- Default test(failed) -->
