<?xml version="1.0" encoding="UTF-8"?>
<!-- Generated by org.testng.reporters.JUnitReportReporter -->
<testsuite hostname="LAPTOP-KNL22F4G" failures="0" tests="3" name="testNGAnnotations_Flags.Flag2" time="0.012" errors="0" timestamp="2023-09-18T15:01:42 IST" skipped="1">
  <testcase classname="testNGAnnotations_Flags.Flag2" name="method3" time="0.001">
    <system-out>
      <![CDATA[Method3]]>
    </system-out>
  </testcase> <!-- method3 -->
  <testcase classname="testNGAnnotations_Flags.Flag2" name="method1" time="0.011">
    <system-out>
      <![CDATA[Method1]]>
    </system-out>
  </testcase> <!-- method1 -->
  <testcase classname="testNGAnnotations_Flags.Flag2" name="method2">
    <skipped/>
  </testcase> <!-- method2 -->
  <system-out>
    <![CDATA[Method1
Method3]]>
  </system-out>
</testsuite> <!-- testNGAnnotations_Flags.Flag2 -->
