<?xml version="1.0" encoding="UTF-8"?>
<!-- Generated by org.testng.reporters.JUnitReportReporter -->
<testsuite hostname="LAPTOP-KNL22F4G" failures="0" tests="2" name="testNGPackage.Sumo" time="0.002" errors="0" timestamp="2023-09-15T15:01:07 IST" skipped="0">
  <testcase classname="testNGPackage.Sumo" name="method6" time="0.001">
    <system-out>
      <![CDATA[SUMO CLASS : Method6]]>
    </system-out>
  </testcase> <!-- method6 -->
  <testcase classname="testNGPackage.Sumo" name="method5" time="0.001">
    <system-out>
      <![CDATA[SUMO CLASS : Method5]]>
    </system-out>
  </testcase> <!-- method5 -->
  <system-out>
    <![CDATA[DEMO CLASS : Method1
DEMO CLASS : Method2
REMO CLASS : Method3
REMO CLASS : Method4
SUMO CLASS : Method5
SUMO CLASS : Method6]]>
  </system-out>
</testsuite> <!-- testNGPackage.Sumo -->
