<?xml version="1.0" encoding="UTF-8"?>
<!-- Generated by org.testng.reporters.JUnitXMLReporter -->
<testsuite ignored="0" hostname="LAPTOP-KNL22F4G" failures="0" tests="5" name="Test" time="49.039" errors="0" timestamp="2023-09-28T13:38:31 IST">
  <testcase classname="testPackage.ActiTimeValidLoginTestCase" name="validLoginTestScript" time="0.379"/>
  <testcase classname="testPackage.ActiTimeInvalidLoginTestCase" name="invalidLoginTestScript" time="22.681"/>
  <testcase classname="testPackage.ActiTimeCreateProjects_Customers" name="createValidCustomer_ProjectTestScript" time="6.583"/>
  <testcase classname="testPackage.ActiTimeCreateManagers" name="createNewManagerTestScript" time="2.415"/>
  <testcase classname="testPackage.ActiTimeDeleteTestCase" name="deleteTestScript" time="2.048"/>
</testsuite> <!-- Test -->
