<?xml version="1.0" encoding="UTF-8"?>
<!-- Generated by org.testng.reporters.JUnitXMLReporter -->
<testsuite ignored="0" hostname="LAPTOP-KNL22F4G" failures="0" tests="4" name="Test" time="37.844" errors="0" timestamp="2023-09-26T15:07:07 IST">
  <testcase classname="testPackage.ActiTimeValidLoginTestCase" name="validLoginTestScript" time="0.265"/>
  <testcase classname="testPackage.ActiTimeInvalidLoginTestCase" name="invalidLoginTestScript" time="21.529"/>
  <testcase classname="testPackage.ActiTimeCreateProjects_Customers" name="createValidCustomer_ProjectTestScript" time="6.054"/>
  <testcase classname="testPackage.ActiTimeCreateManagers" name="createNewManagerTestScript" time="2.063"/>
</testsuite> <!-- Test -->
