<?xml version="1.0" encoding="UTF-8"?>
<!-- Generated by org.testng.reporters.JUnitXMLReporter -->
<testsuite ignored="1" hostname="LAPTOP-KNL22F4G" failures="0" tests="1" name="Default test(failed)(failed)" time="0.063" errors="0" timestamp="2023-09-16T14:39:22 IST">
  <testcase classname="testNGExecution.TestNGClass2" name="method4" time="0.011"/>
  <testcase classname="testNGExecution.TestNGClass2" name="method3" time="0.0">
    <ignored/>
  </testcase> <!-- method3 -->
</testsuite> <!-- Default test(failed)(failed) -->
