<?xml version="1.0" encoding="UTF-8"?>
<!-- Generated by org.testng.reporters.JUnitXMLReporter -->
<testsuite ignored="1" hostname="LAPTOP-KNL22F4G" failures="0" tests="1" name="Test(failed)" time="4.636" errors="0" timestamp="2023-09-18T14:21:46 IST">
  <testcase classname="testNGAnnotations_Flags.GoogleSearchTestCase" name="search_for_selenium" time="0.305"/>
  <testcase classname="testNGAnnotations_Flags.GoogleSearchTestCase" name="search_for_java" time="0.0">
    <ignored/>
  </testcase> <!-- search_for_java -->
</testsuite> <!-- Test(failed) -->
