<?xml version="1.0" encoding="UTF-8"?>
<testng-results ignored="0" total="4" passed="4" failed="0" skipped="0">
  <reporter-output>
  </reporter-output>
  <suite started-at="2023-09-26T15:06:29 IST" name="Suite" finished-at="2023-09-26T15:07:07 IST" duration-ms="37844">
    <groups>
    </groups>
    <test started-at="2023-09-26T15:06:29 IST" name="Test" finished-at="2023-09-26T15:07:07 IST" duration-ms="37844">
      <class name="testPackage.ActiTimeCreateManagers">
        <test-method is-config="true" signature="setUp()[pri:0, instance:testPackage.ActiTimeCreateManagers@1c5920df]" started-at="2023-09-26T15:07:03 IST" name="setUp" finished-at="2023-09-26T15:07:05 IST" duration-ms="1528" status="PASS">
          <reporter-output>
          </reporter-output>
        </test-method> <!-- setUp -->
        <test-method signature="createNewManagerTestScript()[pri:0, instance:testPackage.ActiTimeCreateManagers@1c5920df]" started-at="2023-09-26T15:07:05 IST" name="createNewManagerTestScript" finished-at="2023-09-26T15:07:07 IST" duration-ms="2063" status="PASS">
          <reporter-output>
          </reporter-output>
        </test-method> <!-- createNewManagerTestScript -->
        <test-method is-config="true" signature="tearDown()[pri:0, instance:testPackage.ActiTimeCreateManagers@1c5920df]" started-at="2023-09-26T15:07:07 IST" name="tearDown" finished-at="2023-09-26T15:07:07 IST" duration-ms="193" status="PASS">
          <reporter-output>
          </reporter-output>
        </test-method> <!-- tearDown -->
      </class> <!-- testPackage.ActiTimeCreateManagers -->
      <class name="testPackage.ActiTimeCreateProjects_Customers">
        <test-method is-config="true" signature="setUp()[pri:0, instance:testPackage.ActiTimeCreateProjects_Customers@350aac89]" started-at="2023-09-26T15:06:55 IST" name="setUp" finished-at="2023-09-26T15:06:57 IST" duration-ms="1406" status="PASS">
          <reporter-output>
          </reporter-output>
        </test-method> <!-- setUp -->
        <test-method signature="createValidCustomer_ProjectTestScript()[pri:0, instance:testPackage.ActiTimeCreateProjects_Customers@350aac89]" started-at="2023-09-26T15:06:57 IST" name="createValidCustomer_ProjectTestScript" finished-at="2023-09-26T15:07:03 IST" duration-ms="6054" status="PASS">
          <reporter-output>
          </reporter-output>
        </test-method> <!-- createValidCustomer_ProjectTestScript -->
        <test-method is-config="true" signature="tearDown()[pri:0, instance:testPackage.ActiTimeCreateProjects_Customers@350aac89]" started-at="2023-09-26T15:07:03 IST" name="tearDown" finished-at="2023-09-26T15:07:03 IST" duration-ms="184" status="PASS">
          <reporter-output>
          </reporter-output>
        </test-method> <!-- tearDown -->
      </class> <!-- testPackage.ActiTimeCreateProjects_Customers -->
      <class name="testPackage.ActiTimeValidLoginTestCase">
        <test-method is-config="true" signature="setUp()[pri:0, instance:testPackage.ActiTimeValidLoginTestCase@644baf4a]" started-at="2023-09-26T15:06:29 IST" name="setUp" finished-at="2023-09-26T15:06:32 IST" duration-ms="2689" status="PASS">
          <reporter-output>
          </reporter-output>
        </test-method> <!-- setUp -->
        <test-method signature="validLoginTestScript()[pri:0, instance:testPackage.ActiTimeValidLoginTestCase@644baf4a]" started-at="2023-09-26T15:06:32 IST" name="validLoginTestScript" finished-at="2023-09-26T15:06:32 IST" duration-ms="265" status="PASS">
          <reporter-output>
          </reporter-output>
        </test-method> <!-- validLoginTestScript -->
        <test-method is-config="true" signature="tearDown()[pri:0, instance:testPackage.ActiTimeValidLoginTestCase@644baf4a]" started-at="2023-09-26T15:06:32 IST" name="tearDown" finished-at="2023-09-26T15:06:32 IST" duration-ms="240" status="PASS">
          <reporter-output>
          </reporter-output>
        </test-method> <!-- tearDown -->
      </class> <!-- testPackage.ActiTimeValidLoginTestCase -->
      <class name="testPackage.ActiTimeInvalidLoginTestCase">
        <test-method is-config="true" signature="setUp()[pri:0, instance:testPackage.ActiTimeInvalidLoginTestCase@75437611]" started-at="2023-09-26T15:06:32 IST" name="setUp" finished-at="2023-09-26T15:06:34 IST" duration-ms="1399" status="PASS">
          <reporter-output>
          </reporter-output>
        </test-method> <!-- setUp -->
        <test-method signature="invalidLoginTestScript()[pri:0, instance:testPackage.ActiTimeInvalidLoginTestCase@75437611]" started-at="2023-09-26T15:06:34 IST" name="invalidLoginTestScript" finished-at="2023-09-26T15:06:55 IST" duration-ms="21529" status="PASS">
          <reporter-output>
          </reporter-output>
        </test-method> <!-- invalidLoginTestScript -->
        <test-method is-config="true" signature="tearDown()[pri:0, instance:testPackage.ActiTimeInvalidLoginTestCase@75437611]" started-at="2023-09-26T15:06:55 IST" name="tearDown" finished-at="2023-09-26T15:06:55 IST" duration-ms="225" status="PASS">
          <reporter-output>
          </reporter-output>
        </test-method> <!-- tearDown -->
      </class> <!-- testPackage.ActiTimeInvalidLoginTestCase -->
    </test> <!-- Test -->
  </suite> <!-- Suite -->
</testng-results>
