<?xml version="1.0" encoding="UTF-8"?>
<!-- Generated by org.testng.reporters.JUnitXMLReporter -->
<testsuite ignored="1" hostname="LAPTOP-KNL22F4G" failures="0" tests="2" name="Default test" time="0.068" errors="0" timestamp="2023-09-18T15:01:42 IST">
  <testcase classname="testNGAnnotations_Flags.Flag2" name="method1" time="0.011"/>
  <testcase classname="testNGAnnotations_Flags.Flag2" name="method3" time="0.001"/>
  <testcase classname="testNGAnnotations_Flags.Flag2" name="method2" time="0.0">
    <ignored/>
  </testcase> <!-- method2 -->
</testsuite> <!-- Default test -->
