<?xml version="1.0" encoding="UTF-8"?>
<!-- Generated by org.testng.reporters.JUnitXMLReporter -->
<testsuite ignored="0" hostname="LAPTOP-KNL22F4G" failures="0" tests="5" name="Default test" time="10.771" errors="0" timestamp="2023-09-22T14:43:42 IST">
  <testcase classname="testNGAnnotations_Flags.ActiTimeDataProvider" name="invalidLoginMethod" time="3.583"/>
  <testcase classname="testNGAnnotations_Flags.ActiTimeDataProvider" name="invalidLoginMethod" time="1.75"/>
  <testcase classname="testNGAnnotations_Flags.ActiTimeDataProvider" name="invalidLoginMethod" time="1.76"/>
  <testcase classname="testNGAnnotations_Flags.ActiTimeDataProvider" name="invalidLoginMethod" time="1.791"/>
  <testcase classname="testNGAnnotations_Flags.ActiTimeDataProvider" name="invalidLoginMethod" time="1.822"/>
</testsuite> <!-- Default test -->
