<?xml version="1.0" encoding="UTF-8"?>
<!-- Generated by org.testng.reporters.JUnitXMLReporter -->
<testsuite ignored="0" hostname="LAPTOP-KNL22F4G" failures="1" tests="6" name="Test" time="0.088" errors="0" timestamp="2023-09-16T14:37:13 IST">
  <testcase classname="testNGExecution.TestNGClass1" name="method1" time="0.009"/>
  <testcase classname="testNGExecution.TestNGClass1" name="method2" time="0.002"/>
  <testcase classname="testNGExecution.TestNGClass2" name="method3" time="0.001"/>
  <testcase classname="testNGExecution.TestNGClass2" name="method4" time="0.002">
    <failure type="java.lang.ArithmeticException" message="/ by zero">
      <![CDATA[java.lang.ArithmeticException: / by zero
at testNGExecution.TestNGClass2.method4(TestNGClass2.java:17)
at java.base/java.util.ArrayList.forEach(ArrayList.java:1511)
... Removed 27 stack frames]]>
    </failure>
  </testcase> <!-- method4 -->
  <testcase classname="testNGExecution.TestNGClass3" name="method5" time="0.002"/>
  <testcase classname="testNGExecution.TestNGClass3" name="method6" time="0.001"/>
</testsuite> <!-- Test -->
