<?xml version="1.0" encoding="UTF-8"?>
<testng-results ignored="0" total="5" passed="5" failed="0" skipped="0">
  <reporter-output>
  </reporter-output>
  <suite started-at="2023-09-22T14:43:31 IST" name="Default suite" finished-at="2023-09-22T14:43:42 IST" duration-ms="10771">
    <groups>
    </groups>
    <test started-at="2023-09-22T14:43:31 IST" name="Default test" finished-at="2023-09-22T14:43:42 IST" duration-ms="10771">
      <class name="testNGAnnotations_Flags.ActiTimeDataProvider">
        <test-method signature="invalidLoginMethod(java.lang.String,java.lang.String)[pri:0, instance:testNGAnnotations_Flags.ActiTimeDataProvider@4a83a74a]" started-at="2023-09-22T14:43:31 IST" name="invalidLoginMethod" data-provider="actiTimeTestData" finished-at="2023-09-22T14:43:35 IST" duration-ms="3583" status="PASS">
          <params>
            <param index="0">
              <value>
                <![CDATA[admin]]>
              </value>
            </param>
            <param index="1">
              <value>
                <![CDATA[     ]]>
              </value>
            </param>
          </params>
          <reporter-output>
          </reporter-output>
        </test-method> <!-- invalidLoginMethod -->
        <test-method signature="invalidLoginMethod(java.lang.String,java.lang.String)[pri:0, instance:testNGAnnotations_Flags.ActiTimeDataProvider@4a83a74a]" started-at="2023-09-22T14:43:35 IST" name="invalidLoginMethod" data-provider="actiTimeTestData" finished-at="2023-09-22T14:43:36 IST" duration-ms="1750" status="PASS">
          <params>
            <param index="0">
              <value>
                <![CDATA[     ]]>
              </value>
            </param>
            <param index="1">
              <value>
                <![CDATA[manager]]>
              </value>
            </param>
          </params>
          <reporter-output>
          </reporter-output>
        </test-method> <!-- invalidLoginMethod -->
        <test-method signature="invalidLoginMethod(java.lang.String,java.lang.String)[pri:0, instance:testNGAnnotations_Flags.ActiTimeDataProvider@4a83a74a]" started-at="2023-09-22T14:43:36 IST" name="invalidLoginMethod" data-provider="actiTimeTestData" finished-at="2023-09-22T14:43:38 IST" duration-ms="1760" status="PASS">
          <params>
            <param index="0">
              <value>
                <![CDATA[ad_min]]>
              </value>
            </param>
            <param index="1">
              <value>
                <![CDATA[mana_ger]]>
              </value>
            </param>
          </params>
          <reporter-output>
          </reporter-output>
        </test-method> <!-- invalidLoginMethod -->
        <test-method signature="invalidLoginMethod(java.lang.String,java.lang.String)[pri:0, instance:testNGAnnotations_Flags.ActiTimeDataProvider@4a83a74a]" started-at="2023-09-22T14:43:38 IST" name="invalidLoginMethod" data-provider="actiTimeTestData" finished-at="2023-09-22T14:43:40 IST" duration-ms="1791" status="PASS">
          <params>
            <param index="0">
              <value>
                <![CDATA[manager]]>
              </value>
            </param>
            <param index="1">
              <value>
                <![CDATA[admin]]>
              </value>
            </param>
          </params>
          <reporter-output>
          </reporter-output>
        </test-method> <!-- invalidLoginMethod -->
        <test-method signature="invalidLoginMethod(java.lang.String,java.lang.String)[pri:0, instance:testNGAnnotations_Flags.ActiTimeDataProvider@4a83a74a]" started-at="2023-09-22T14:43:40 IST" name="invalidLoginMethod" data-provider="actiTimeTestData" finished-at="2023-09-22T14:43:42 IST" duration-ms="1822" status="PASS">
          <params>
            <param index="0">
              <value>
                <![CDATA[admin123]]>
              </value>
            </param>
            <param index="1">
              <value>
                <![CDATA[manager456]]>
              </value>
            </param>
          </params>
          <reporter-output>
          </reporter-output>
        </test-method> <!-- invalidLoginMethod -->
      </class> <!-- testNGAnnotations_Flags.ActiTimeDataProvider -->
    </test> <!-- Default test -->
  </suite> <!-- Default suite -->
</testng-results>
